2018-04-03 23:35:59,714 INFO [main] h.j.v.g.Glavna [Glavna.java:36] Pogreška na postaji - 1 Preniska temperatura -37 je preniska
hr.java.vjezbe.iznimke.NiskaTemperaturaException: Preniska temperatura -37 je preniska
	at hr.java.vjezbe.entitet.SenzorTemperature.generirajVrijednost(SenzorTemperature.java:53)
	at hr.java.vjezbe.glavna.Glavna.main(Glavna.java:30)
2018-04-03 23:35:59,730 INFO [main] h.j.v.g.Glavna [Glavna.java:36] Pogreška na postaji - 1 Preniska temperatura -15 je preniska
hr.java.vjezbe.iznimke.NiskaTemperaturaException: Preniska temperatura -15 je preniska
	at hr.java.vjezbe.entitet.SenzorTemperature.generirajVrijednost(SenzorTemperature.java:53)
	at hr.java.vjezbe.glavna.Glavna.main(Glavna.java:30)
2018-04-03 23:35:59,730 INFO [main] h.j.v.g.Glavna [Glavna.java:36] Pogreška na postaji - 1 Preniska temperatura -40 je preniska
hr.java.vjezbe.iznimke.NiskaTemperaturaException: Preniska temperatura -40 je preniska
	at hr.java.vjezbe.entitet.SenzorTemperature.generirajVrijednost(SenzorTemperature.java:53)
	at hr.java.vjezbe.glavna.Glavna.main(Glavna.java:30)
2018-04-03 23:35:59,730 INFO [main] h.j.v.g.Glavna [Glavna.java:36] Pogreška na postaji - 1 Preniska temperatura -30 je preniska
hr.java.vjezbe.iznimke.NiskaTemperaturaException: Preniska temperatura -30 je preniska
	at hr.java.vjezbe.entitet.SenzorTemperature.generirajVrijednost(SenzorTemperature.java:53)
	at hr.java.vjezbe.glavna.Glavna.main(Glavna.java:30)
2018-04-03 23:35:59,730 INFO [main] h.j.v.g.Glavna [Glavna.java:36] Pogreška na postaji - 1 Temperatura 44 je previsoka
hr.java.vjezbe.iznimke.VisokaTemperaturaException: Temperatura 44 je previsoka
	at hr.java.vjezbe.entitet.SenzorTemperature.generirajVrijednost(SenzorTemperature.java:50)
	at hr.java.vjezbe.glavna.Glavna.main(Glavna.java:30)
2018-04-03 23:36:00,730 INFO [main] h.j.v.g.Glavna [Glavna.java:36] Pogreška na postaji - 1 Temperatura 47 je previsoka
hr.java.vjezbe.iznimke.VisokaTemperaturaException: Temperatura 47 je previsoka
	at hr.java.vjezbe.entitet.SenzorTemperature.generirajVrijednost(SenzorTemperature.java:50)
	at hr.java.vjezbe.glavna.Glavna.main(Glavna.java:30)
2018-04-03 23:36:00,730 INFO [main] h.j.v.g.Glavna [Glavna.java:36] Pogreška na postaji - 1 Temperatura 41 je previsoka
hr.java.vjezbe.iznimke.VisokaTemperaturaException: Temperatura 41 je previsoka
	at hr.java.vjezbe.entitet.SenzorTemperature.generirajVrijednost(SenzorTemperature.java:50)
	at hr.java.vjezbe.glavna.Glavna.main(Glavna.java:30)
2018-04-03 23:36:02,730 INFO [main] h.j.v.g.Glavna [Glavna.java:36] Pogreška na postaji - 1 Preniska temperatura -24 je preniska
hr.java.vjezbe.iznimke.NiskaTemperaturaException: Preniska temperatura -24 je preniska
	at hr.java.vjezbe.entitet.SenzorTemperature.generirajVrijednost(SenzorTemperature.java:53)
	at hr.java.vjezbe.glavna.Glavna.main(Glavna.java:30)
2018-04-03 23:36:03,730 INFO [main] h.j.v.g.Glavna [Glavna.java:36] Pogreška na postaji - 1 Preniska temperatura -13 je preniska
hr.java.vjezbe.iznimke.NiskaTemperaturaException: Preniska temperatura -13 je preniska
	at hr.java.vjezbe.entitet.SenzorTemperature.generirajVrijednost(SenzorTemperature.java:53)
	at hr.java.vjezbe.glavna.Glavna.main(Glavna.java:30)
2018-04-03 23:36:03,730 INFO [main] h.j.v.g.Glavna [Glavna.java:36] Pogreška na postaji - 1 Preniska temperatura -44 je preniska
hr.java.vjezbe.iznimke.NiskaTemperaturaException: Preniska temperatura -44 je preniska
	at hr.java.vjezbe.entitet.SenzorTemperature.generirajVrijednost(SenzorTemperature.java:53)
	at hr.java.vjezbe.glavna.Glavna.main(Glavna.java:30)
2018-04-03 23:36:03,730 INFO [main] h.j.v.g.Glavna [Glavna.java:36] Pogreška na postaji - 1 Preniska temperatura -47 je preniska
hr.java.vjezbe.iznimke.NiskaTemperaturaException: Preniska temperatura -47 je preniska
	at hr.java.vjezbe.entitet.SenzorTemperature.generirajVrijednost(SenzorTemperature.java:53)
	at hr.java.vjezbe.glavna.Glavna.main(Glavna.java:30)
2018-04-03 23:36:05,730 INFO [main] h.j.v.g.Glavna [Glavna.java:36] Pogreška na postaji - 1 Temperatura 41 je previsoka
hr.java.vjezbe.iznimke.VisokaTemperaturaException: Temperatura 41 je previsoka
	at hr.java.vjezbe.entitet.SenzorTemperature.generirajVrijednost(SenzorTemperature.java:50)
	at hr.java.vjezbe.glavna.Glavna.main(Glavna.java:30)
2018-04-03 23:36:07,730 INFO [main] h.j.v.g.Glavna [Glavna.java:36] Pogreška na postaji - 1 Preniska temperatura -35 je preniska
hr.java.vjezbe.iznimke.NiskaTemperaturaException: Preniska temperatura -35 je preniska
	at hr.java.vjezbe.entitet.SenzorTemperature.generirajVrijednost(SenzorTemperature.java:53)
	at hr.java.vjezbe.glavna.Glavna.main(Glavna.java:30)
2018-04-03 23:36:07,730 INFO [main] h.j.v.g.Glavna [Glavna.java:36] Pogreška na postaji - 1 Temperatura 47 je previsoka
hr.java.vjezbe.iznimke.VisokaTemperaturaException: Temperatura 47 je previsoka
	at hr.java.vjezbe.entitet.SenzorTemperature.generirajVrijednost(SenzorTemperature.java:50)
	at hr.java.vjezbe.glavna.Glavna.main(Glavna.java:30)
2018-04-03 23:36:09,731 INFO [main] h.j.v.g.Glavna [Glavna.java:36] Pogreška na postaji - 1 Preniska temperatura -34 je preniska
hr.java.vjezbe.iznimke.NiskaTemperaturaException: Preniska temperatura -34 je preniska
	at hr.java.vjezbe.entitet.SenzorTemperature.generirajVrijednost(SenzorTemperature.java:53)
	at hr.java.vjezbe.glavna.Glavna.main(Glavna.java:30)
2018-04-03 23:36:10,746 INFO [main] h.j.v.g.Glavna [Glavna.java:36] Pogreška na postaji - 1 Preniska temperatura -47 je preniska
hr.java.vjezbe.iznimke.NiskaTemperaturaException: Preniska temperatura -47 je preniska
	at hr.java.vjezbe.entitet.SenzorTemperature.generirajVrijednost(SenzorTemperature.java:53)
	at hr.java.vjezbe.glavna.Glavna.main(Glavna.java:30)
2018-04-03 23:36:10,746 INFO [main] h.j.v.g.Glavna [Glavna.java:36] Pogreška na postaji - 1 Preniska temperatura -42 je preniska
hr.java.vjezbe.iznimke.NiskaTemperaturaException: Preniska temperatura -42 je preniska
	at hr.java.vjezbe.entitet.SenzorTemperature.generirajVrijednost(SenzorTemperature.java:53)
	at hr.java.vjezbe.glavna.Glavna.main(Glavna.java:30)
2018-04-03 23:36:10,746 INFO [main] h.j.v.g.Glavna [Glavna.java:36] Pogreška na postaji - 1 Temperatura 42 je previsoka
hr.java.vjezbe.iznimke.VisokaTemperaturaException: Temperatura 42 je previsoka
	at hr.java.vjezbe.entitet.SenzorTemperature.generirajVrijednost(SenzorTemperature.java:50)
	at hr.java.vjezbe.glavna.Glavna.main(Glavna.java:30)
2018-04-03 23:36:10,746 INFO [main] h.j.v.g.Glavna [Glavna.java:36] Pogreška na postaji - 1 Preniska temperatura -35 je preniska
hr.java.vjezbe.iznimke.NiskaTemperaturaException: Preniska temperatura -35 je preniska
	at hr.java.vjezbe.entitet.SenzorTemperature.generirajVrijednost(SenzorTemperature.java:53)
	at hr.java.vjezbe.glavna.Glavna.main(Glavna.java:30)
2018-04-03 23:36:12,746 INFO [main] h.j.v.g.Glavna [Glavna.java:36] Pogreška na postaji - 1 Preniska temperatura -32 je preniska
hr.java.vjezbe.iznimke.NiskaTemperaturaException: Preniska temperatura -32 je preniska
	at hr.java.vjezbe.entitet.SenzorTemperature.generirajVrijednost(SenzorTemperature.java:53)
	at hr.java.vjezbe.glavna.Glavna.main(Glavna.java:30)
2018-04-03 23:36:14,746 INFO [main] h.j.v.g.Glavna [Glavna.java:36] Pogreška na postaji - 1 Preniska temperatura -48 je preniska
hr.java.vjezbe.iznimke.NiskaTemperaturaException: Preniska temperatura -48 je preniska
	at hr.java.vjezbe.entitet.SenzorTemperature.generirajVrijednost(SenzorTemperature.java:53)
	at hr.java.vjezbe.glavna.Glavna.main(Glavna.java:30)
2018-04-03 23:36:15,746 INFO [main] h.j.v.g.Glavna [Glavna.java:36] Pogreška na postaji - 1 Preniska temperatura -14 je preniska
hr.java.vjezbe.iznimke.NiskaTemperaturaException: Preniska temperatura -14 je preniska
	at hr.java.vjezbe.entitet.SenzorTemperature.generirajVrijednost(SenzorTemperature.java:53)
	at hr.java.vjezbe.glavna.Glavna.main(Glavna.java:30)
2018-04-03 23:36:18,747 INFO [main] h.j.v.g.Glavna [Glavna.java:36] Pogreška na postaji - 1 Preniska temperatura -38 je preniska
hr.java.vjezbe.iznimke.NiskaTemperaturaException: Preniska temperatura -38 je preniska
	at hr.java.vjezbe.entitet.SenzorTemperature.generirajVrijednost(SenzorTemperature.java:53)
	at hr.java.vjezbe.glavna.Glavna.main(Glavna.java:30)
2018-04-03 23:36:18,747 INFO [main] h.j.v.g.Glavna [Glavna.java:36] Pogreška na postaji - 1 Preniska temperatura -18 je preniska
hr.java.vjezbe.iznimke.NiskaTemperaturaException: Preniska temperatura -18 je preniska
	at hr.java.vjezbe.entitet.SenzorTemperature.generirajVrijednost(SenzorTemperature.java:53)
	at hr.java.vjezbe.glavna.Glavna.main(Glavna.java:30)
2018-04-03 23:36:19,747 INFO [main] h.j.v.g.Glavna [Glavna.java:36] Pogreška na postaji - 1 Preniska temperatura -25 je preniska
hr.java.vjezbe.iznimke.NiskaTemperaturaException: Preniska temperatura -25 je preniska
	at hr.java.vjezbe.entitet.SenzorTemperature.generirajVrijednost(SenzorTemperature.java:53)
	at hr.java.vjezbe.glavna.Glavna.main(Glavna.java:30)
2018-04-03 23:36:20,747 INFO [main] h.j.v.g.Glavna [Glavna.java:36] Pogreška na postaji - 1 Preniska temperatura -22 je preniska
hr.java.vjezbe.iznimke.NiskaTemperaturaException: Preniska temperatura -22 je preniska
	at hr.java.vjezbe.entitet.SenzorTemperature.generirajVrijednost(SenzorTemperature.java:53)
	at hr.java.vjezbe.glavna.Glavna.main(Glavna.java:30)
2018-04-03 23:36:22,747 INFO [main] h.j.v.g.Glavna [Glavna.java:36] Pogreška na postaji - 1 Preniska temperatura -48 je preniska
hr.java.vjezbe.iznimke.NiskaTemperaturaException: Preniska temperatura -48 je preniska
	at hr.java.vjezbe.entitet.SenzorTemperature.generirajVrijednost(SenzorTemperature.java:53)
	at hr.java.vjezbe.glavna.Glavna.main(Glavna.java:30)
2018-04-03 23:36:22,747 INFO [main] h.j.v.g.Glavna [Glavna.java:36] Pogreška na postaji - 1 Preniska temperatura -33 je preniska
hr.java.vjezbe.iznimke.NiskaTemperaturaException: Preniska temperatura -33 je preniska
	at hr.java.vjezbe.entitet.SenzorTemperature.generirajVrijednost(SenzorTemperature.java:53)
	at hr.java.vjezbe.glavna.Glavna.main(Glavna.java:30)
2018-04-03 23:36:23,747 INFO [main] h.j.v.g.Glavna [Glavna.java:36] Pogreška na postaji - 1 Preniska temperatura -32 je preniska
hr.java.vjezbe.iznimke.NiskaTemperaturaException: Preniska temperatura -32 je preniska
	at hr.java.vjezbe.entitet.SenzorTemperature.generirajVrijednost(SenzorTemperature.java:53)
	at hr.java.vjezbe.glavna.Glavna.main(Glavna.java:30)
2018-04-03 23:36:26,747 INFO [main] h.j.v.g.Glavna [Glavna.java:36] Pogreška na postaji - 1 Preniska temperatura -20 je preniska
hr.java.vjezbe.iznimke.NiskaTemperaturaException: Preniska temperatura -20 je preniska
	at hr.java.vjezbe.entitet.SenzorTemperature.generirajVrijednost(SenzorTemperature.java:53)
	at hr.java.vjezbe.glavna.Glavna.main(Glavna.java:30)
2018-04-03 23:36:28,747 INFO [main] h.j.v.g.Glavna [Glavna.java:36] Pogreška na postaji - 1 Temperatura 48 je previsoka
hr.java.vjezbe.iznimke.VisokaTemperaturaException: Temperatura 48 je previsoka
	at hr.java.vjezbe.entitet.SenzorTemperature.generirajVrijednost(SenzorTemperature.java:50)
	at hr.java.vjezbe.glavna.Glavna.main(Glavna.java:30)
2018-04-03 23:36:32,747 INFO [main] h.j.v.g.Glavna [Glavna.java:36] Pogreška na postaji - 1 Preniska temperatura -11 je preniska
hr.java.vjezbe.iznimke.NiskaTemperaturaException: Preniska temperatura -11 je preniska
	at hr.java.vjezbe.entitet.SenzorTemperature.generirajVrijednost(SenzorTemperature.java:53)
	at hr.java.vjezbe.glavna.Glavna.main(Glavna.java:30)
2018-04-03 23:36:32,747 INFO [main] h.j.v.g.Glavna [Glavna.java:36] Pogreška na postaji - 1 Temperatura 49 je previsoka
hr.java.vjezbe.iznimke.VisokaTemperaturaException: Temperatura 49 je previsoka
	at hr.java.vjezbe.entitet.SenzorTemperature.generirajVrijednost(SenzorTemperature.java:50)
	at hr.java.vjezbe.glavna.Glavna.main(Glavna.java:30)
2018-04-03 23:36:32,747 INFO [main] h.j.v.g.Glavna [Glavna.java:36] Pogreška na postaji - 1 Preniska temperatura -14 je preniska
hr.java.vjezbe.iznimke.NiskaTemperaturaException: Preniska temperatura -14 je preniska
	at hr.java.vjezbe.entitet.SenzorTemperature.generirajVrijednost(SenzorTemperature.java:53)
	at hr.java.vjezbe.glavna.Glavna.main(Glavna.java:30)
2018-04-03 23:36:34,763 INFO [main] h.j.v.g.Glavna [Glavna.java:36] Pogreška na postaji - 1 Temperatura 44 je previsoka
hr.java.vjezbe.iznimke.VisokaTemperaturaException: Temperatura 44 je previsoka
	at hr.java.vjezbe.entitet.SenzorTemperature.generirajVrijednost(SenzorTemperature.java:50)
	at hr.java.vjezbe.glavna.Glavna.main(Glavna.java:30)
2018-04-03 23:36:34,763 INFO [main] h.j.v.g.Glavna [Glavna.java:36] Pogreška na postaji - 1 Preniska temperatura -35 je preniska
hr.java.vjezbe.iznimke.NiskaTemperaturaException: Preniska temperatura -35 je preniska
	at hr.java.vjezbe.entitet.SenzorTemperature.generirajVrijednost(SenzorTemperature.java:53)
	at hr.java.vjezbe.glavna.Glavna.main(Glavna.java:30)
2018-04-03 23:36:34,763 INFO [main] h.j.v.g.Glavna [Glavna.java:36] Pogreška na postaji - 1 Preniska temperatura -45 je preniska
hr.java.vjezbe.iznimke.NiskaTemperaturaException: Preniska temperatura -45 je preniska
	at hr.java.vjezbe.entitet.SenzorTemperature.generirajVrijednost(SenzorTemperature.java:53)
	at hr.java.vjezbe.glavna.Glavna.main(Glavna.java:30)
2018-04-03 23:36:34,763 INFO [main] h.j.v.g.Glavna [Glavna.java:36] Pogreška na postaji - 1 Temperatura 45 je previsoka
hr.java.vjezbe.iznimke.VisokaTemperaturaException: Temperatura 45 je previsoka
	at hr.java.vjezbe.entitet.SenzorTemperature.generirajVrijednost(SenzorTemperature.java:50)
	at hr.java.vjezbe.glavna.Glavna.main(Glavna.java:30)
2018-04-03 23:36:34,763 INFO [main] h.j.v.g.Glavna [Glavna.java:36] Pogreška na postaji - 1 Preniska temperatura -23 je preniska
hr.java.vjezbe.iznimke.NiskaTemperaturaException: Preniska temperatura -23 je preniska
	at hr.java.vjezbe.entitet.SenzorTemperature.generirajVrijednost(SenzorTemperature.java:53)
	at hr.java.vjezbe.glavna.Glavna.main(Glavna.java:30)
2018-04-03 23:36:36,779 INFO [main] h.j.v.g.Glavna [Glavna.java:36] Pogreška na postaji - 1 Preniska temperatura -15 je preniska
hr.java.vjezbe.iznimke.NiskaTemperaturaException: Preniska temperatura -15 je preniska
	at hr.java.vjezbe.entitet.SenzorTemperature.generirajVrijednost(SenzorTemperature.java:53)
	at hr.java.vjezbe.glavna.Glavna.main(Glavna.java:30)
2018-04-03 23:36:36,779 INFO [main] h.j.v.g.Glavna [Glavna.java:36] Pogreška na postaji - 1 Preniska temperatura -45 je preniska
hr.java.vjezbe.iznimke.NiskaTemperaturaException: Preniska temperatura -45 je preniska
	at hr.java.vjezbe.entitet.SenzorTemperature.generirajVrijednost(SenzorTemperature.java:53)
	at hr.java.vjezbe.glavna.Glavna.main(Glavna.java:30)
2018-04-03 23:36:36,779 INFO [main] h.j.v.g.Glavna [Glavna.java:36] Pogreška na postaji - 1 Preniska temperatura -26 je preniska
hr.java.vjezbe.iznimke.NiskaTemperaturaException: Preniska temperatura -26 je preniska
	at hr.java.vjezbe.entitet.SenzorTemperature.generirajVrijednost(SenzorTemperature.java:53)
	at hr.java.vjezbe.glavna.Glavna.main(Glavna.java:30)
2018-04-03 23:36:37,779 INFO [main] h.j.v.g.Glavna [Glavna.java:36] Pogreška na postaji - 1 Preniska temperatura -15 je preniska
hr.java.vjezbe.iznimke.NiskaTemperaturaException: Preniska temperatura -15 je preniska
	at hr.java.vjezbe.entitet.SenzorTemperature.generirajVrijednost(SenzorTemperature.java:53)
	at hr.java.vjezbe.glavna.Glavna.main(Glavna.java:30)
2018-04-03 23:36:37,779 INFO [main] h.j.v.g.Glavna [Glavna.java:36] Pogreška na postaji - 1 Preniska temperatura -45 je preniska
hr.java.vjezbe.iznimke.NiskaTemperaturaException: Preniska temperatura -45 je preniska
	at hr.java.vjezbe.entitet.SenzorTemperature.generirajVrijednost(SenzorTemperature.java:53)
	at hr.java.vjezbe.glavna.Glavna.main(Glavna.java:30)
2018-04-03 23:36:37,779 INFO [main] h.j.v.g.Glavna [Glavna.java:36] Pogreška na postaji - 1 Temperatura 47 je previsoka
hr.java.vjezbe.iznimke.VisokaTemperaturaException: Temperatura 47 je previsoka
	at hr.java.vjezbe.entitet.SenzorTemperature.generirajVrijednost(SenzorTemperature.java:50)
	at hr.java.vjezbe.glavna.Glavna.main(Glavna.java:30)
2018-04-03 23:36:40,779 INFO [main] h.j.v.g.Glavna [Glavna.java:36] Pogreška na postaji - 1 Preniska temperatura -15 je preniska
hr.java.vjezbe.iznimke.NiskaTemperaturaException: Preniska temperatura -15 je preniska
	at hr.java.vjezbe.entitet.SenzorTemperature.generirajVrijednost(SenzorTemperature.java:53)
	at hr.java.vjezbe.glavna.Glavna.main(Glavna.java:30)
2018-04-03 23:36:41,779 INFO [main] h.j.v.g.Glavna [Glavna.java:36] Pogreška na postaji - 1 Preniska temperatura -44 je preniska
hr.java.vjezbe.iznimke.NiskaTemperaturaException: Preniska temperatura -44 je preniska
	at hr.java.vjezbe.entitet.SenzorTemperature.generirajVrijednost(SenzorTemperature.java:53)
	at hr.java.vjezbe.glavna.Glavna.main(Glavna.java:30)
2018-04-03 23:36:43,779 INFO [main] h.j.v.g.Glavna [Glavna.java:36] Pogreška na postaji - 1 Preniska temperatura -47 je preniska
hr.java.vjezbe.iznimke.NiskaTemperaturaException: Preniska temperatura -47 je preniska
	at hr.java.vjezbe.entitet.SenzorTemperature.generirajVrijednost(SenzorTemperature.java:53)
	at hr.java.vjezbe.glavna.Glavna.main(Glavna.java:30)
2018-04-03 23:36:43,779 INFO [main] h.j.v.g.Glavna [Glavna.java:36] Pogreška na postaji - 1 Preniska temperatura -18 je preniska
hr.java.vjezbe.iznimke.NiskaTemperaturaException: Preniska temperatura -18 je preniska
	at hr.java.vjezbe.entitet.SenzorTemperature.generirajVrijednost(SenzorTemperature.java:53)
	at hr.java.vjezbe.glavna.Glavna.main(Glavna.java:30)
2018-04-03 23:36:44,779 INFO [main] h.j.v.g.Glavna [Glavna.java:36] Pogreška na postaji - 1 Preniska temperatura -34 je preniska
hr.java.vjezbe.iznimke.NiskaTemperaturaException: Preniska temperatura -34 je preniska
	at hr.java.vjezbe.entitet.SenzorTemperature.generirajVrijednost(SenzorTemperature.java:53)
	at hr.java.vjezbe.glavna.Glavna.main(Glavna.java:30)
2018-04-03 23:36:45,795 INFO [main] h.j.v.g.Glavna [Glavna.java:36] Pogreška na postaji - 1 Preniska temperatura -14 je preniska
hr.java.vjezbe.iznimke.NiskaTemperaturaException: Preniska temperatura -14 je preniska
	at hr.java.vjezbe.entitet.SenzorTemperature.generirajVrijednost(SenzorTemperature.java:53)
	at hr.java.vjezbe.glavna.Glavna.main(Glavna.java:30)
2018-04-03 23:36:47,795 INFO [main] h.j.v.g.Glavna [Glavna.java:36] Pogreška na postaji - 1 Preniska temperatura -11 je preniska
hr.java.vjezbe.iznimke.NiskaTemperaturaException: Preniska temperatura -11 je preniska
	at hr.java.vjezbe.entitet.SenzorTemperature.generirajVrijednost(SenzorTemperature.java:53)
	at hr.java.vjezbe.glavna.Glavna.main(Glavna.java:30)
2018-04-03 23:36:47,795 INFO [main] h.j.v.g.Glavna [Glavna.java:36] Pogreška na postaji - 1 Preniska temperatura -22 je preniska
hr.java.vjezbe.iznimke.NiskaTemperaturaException: Preniska temperatura -22 je preniska
	at hr.java.vjezbe.entitet.SenzorTemperature.generirajVrijednost(SenzorTemperature.java:53)
	at hr.java.vjezbe.glavna.Glavna.main(Glavna.java:30)
2018-04-03 23:36:47,795 INFO [main] h.j.v.g.Glavna [Glavna.java:36] Pogreška na postaji - 1 Preniska temperatura -22 je preniska
hr.java.vjezbe.iznimke.NiskaTemperaturaException: Preniska temperatura -22 je preniska
	at hr.java.vjezbe.entitet.SenzorTemperature.generirajVrijednost(SenzorTemperature.java:53)
	at hr.java.vjezbe.glavna.Glavna.main(Glavna.java:30)
2018-04-03 23:36:47,795 INFO [main] h.j.v.g.Glavna [Glavna.java:36] Pogreška na postaji - 1 Preniska temperatura -19 je preniska
hr.java.vjezbe.iznimke.NiskaTemperaturaException: Preniska temperatura -19 je preniska
	at hr.java.vjezbe.entitet.SenzorTemperature.generirajVrijednost(SenzorTemperature.java:53)
	at hr.java.vjezbe.glavna.Glavna.main(Glavna.java:30)
2018-04-03 23:36:47,795 INFO [main] h.j.v.g.Glavna [Glavna.java:36] Pogreška na postaji - 1 Preniska temperatura -31 je preniska
hr.java.vjezbe.iznimke.NiskaTemperaturaException: Preniska temperatura -31 je preniska
	at hr.java.vjezbe.entitet.SenzorTemperature.generirajVrijednost(SenzorTemperature.java:53)
	at hr.java.vjezbe.glavna.Glavna.main(Glavna.java:30)
2018-04-03 23:36:47,795 INFO [main] h.j.v.g.Glavna [Glavna.java:36] Pogreška na postaji - 1 Preniska temperatura -48 je preniska
hr.java.vjezbe.iznimke.NiskaTemperaturaException: Preniska temperatura -48 je preniska
	at hr.java.vjezbe.entitet.SenzorTemperature.generirajVrijednost(SenzorTemperature.java:53)
	at hr.java.vjezbe.glavna.Glavna.main(Glavna.java:30)
2018-04-03 23:36:48,811 INFO [main] h.j.v.g.Glavna [Glavna.java:36] Pogreška na postaji - 1 Preniska temperatura -35 je preniska
hr.java.vjezbe.iznimke.NiskaTemperaturaException: Preniska temperatura -35 je preniska
	at hr.java.vjezbe.entitet.SenzorTemperature.generirajVrijednost(SenzorTemperature.java:53)
	at hr.java.vjezbe.glavna.Glavna.main(Glavna.java:30)
2018-04-03 23:36:48,811 INFO [main] h.j.v.g.Glavna [Glavna.java:36] Pogreška na postaji - 1 Temperatura 44 je previsoka
hr.java.vjezbe.iznimke.VisokaTemperaturaException: Temperatura 44 je previsoka
	at hr.java.vjezbe.entitet.SenzorTemperature.generirajVrijednost(SenzorTemperature.java:50)
	at hr.java.vjezbe.glavna.Glavna.main(Glavna.java:30)
2018-04-03 23:36:48,811 INFO [main] h.j.v.g.Glavna [Glavna.java:36] Pogreška na postaji - 1 Temperatura 46 je previsoka
hr.java.vjezbe.iznimke.VisokaTemperaturaException: Temperatura 46 je previsoka
	at hr.java.vjezbe.entitet.SenzorTemperature.generirajVrijednost(SenzorTemperature.java:50)
	at hr.java.vjezbe.glavna.Glavna.main(Glavna.java:30)
2018-04-03 23:36:54,811 INFO [main] h.j.v.g.Glavna [Glavna.java:36] Pogreška na postaji - 1 Preniska temperatura -33 je preniska
hr.java.vjezbe.iznimke.NiskaTemperaturaException: Preniska temperatura -33 je preniska
	at hr.java.vjezbe.entitet.SenzorTemperature.generirajVrijednost(SenzorTemperature.java:53)
	at hr.java.vjezbe.glavna.Glavna.main(Glavna.java:30)
2018-04-03 23:36:57,811 INFO [main] h.j.v.g.Glavna [Glavna.java:36] Pogreška na postaji - 1 Preniska temperatura -17 je preniska
hr.java.vjezbe.iznimke.NiskaTemperaturaException: Preniska temperatura -17 je preniska
	at hr.java.vjezbe.entitet.SenzorTemperature.generirajVrijednost(SenzorTemperature.java:53)
	at hr.java.vjezbe.glavna.Glavna.main(Glavna.java:30)
2018-04-03 23:37:00,811 INFO [main] h.j.v.g.Glavna [Glavna.java:36] Pogreška na postaji - 1 Preniska temperatura -26 je preniska
hr.java.vjezbe.iznimke.NiskaTemperaturaException: Preniska temperatura -26 je preniska
	at hr.java.vjezbe.entitet.SenzorTemperature.generirajVrijednost(SenzorTemperature.java:53)
	at hr.java.vjezbe.glavna.Glavna.main(Glavna.java:30)
2018-04-03 23:37:00,811 INFO [main] h.j.v.g.Glavna [Glavna.java:36] Pogreška na postaji - 1 Preniska temperatura -44 je preniska
hr.java.vjezbe.iznimke.NiskaTemperaturaException: Preniska temperatura -44 je preniska
	at hr.java.vjezbe.entitet.SenzorTemperature.generirajVrijednost(SenzorTemperature.java:53)
	at hr.java.vjezbe.glavna.Glavna.main(Glavna.java:30)
2018-04-03 23:37:00,811 INFO [main] h.j.v.g.Glavna [Glavna.java:36] Pogreška na postaji - 1 Preniska temperatura -44 je preniska
hr.java.vjezbe.iznimke.NiskaTemperaturaException: Preniska temperatura -44 je preniska
	at hr.java.vjezbe.entitet.SenzorTemperature.generirajVrijednost(SenzorTemperature.java:53)
	at hr.java.vjezbe.glavna.Glavna.main(Glavna.java:30)
2018-04-03 23:37:03,811 INFO [main] h.j.v.g.Glavna [Glavna.java:36] Pogreška na postaji - 1 Preniska temperatura -30 je preniska
hr.java.vjezbe.iznimke.NiskaTemperaturaException: Preniska temperatura -30 je preniska
	at hr.java.vjezbe.entitet.SenzorTemperature.generirajVrijednost(SenzorTemperature.java:53)
	at hr.java.vjezbe.glavna.Glavna.main(Glavna.java:30)
2018-04-03 23:37:04,811 INFO [main] h.j.v.g.Glavna [Glavna.java:36] Pogreška na postaji - 1 Preniska temperatura -12 je preniska
hr.java.vjezbe.iznimke.NiskaTemperaturaException: Preniska temperatura -12 je preniska
	at hr.java.vjezbe.entitet.SenzorTemperature.generirajVrijednost(SenzorTemperature.java:53)
	at hr.java.vjezbe.glavna.Glavna.main(Glavna.java:30)
2018-04-03 23:37:05,811 INFO [main] h.j.v.g.Glavna [Glavna.java:36] Pogreška na postaji - 1 Preniska temperatura -16 je preniska
hr.java.vjezbe.iznimke.NiskaTemperaturaException: Preniska temperatura -16 je preniska
	at hr.java.vjezbe.entitet.SenzorTemperature.generirajVrijednost(SenzorTemperature.java:53)
	at hr.java.vjezbe.glavna.Glavna.main(Glavna.java:30)
2018-04-03 23:37:06,811 INFO [main] h.j.v.g.Glavna [Glavna.java:36] Pogreška na postaji - 1 Preniska temperatura -23 je preniska
hr.java.vjezbe.iznimke.NiskaTemperaturaException: Preniska temperatura -23 je preniska
	at hr.java.vjezbe.entitet.SenzorTemperature.generirajVrijednost(SenzorTemperature.java:53)
	at hr.java.vjezbe.glavna.Glavna.main(Glavna.java:30)
2018-04-03 23:37:06,811 INFO [main] h.j.v.g.Glavna [Glavna.java:36] Pogreška na postaji - 1 Preniska temperatura -23 je preniska
hr.java.vjezbe.iznimke.NiskaTemperaturaException: Preniska temperatura -23 je preniska
	at hr.java.vjezbe.entitet.SenzorTemperature.generirajVrijednost(SenzorTemperature.java:53)
	at hr.java.vjezbe.glavna.Glavna.main(Glavna.java:30)
2018-04-03 23:37:08,812 INFO [main] h.j.v.g.Glavna [Glavna.java:36] Pogreška na postaji - 1 Preniska temperatura -47 je preniska
hr.java.vjezbe.iznimke.NiskaTemperaturaException: Preniska temperatura -47 je preniska
	at hr.java.vjezbe.entitet.SenzorTemperature.generirajVrijednost(SenzorTemperature.java:53)
	at hr.java.vjezbe.glavna.Glavna.main(Glavna.java:30)
2018-04-03 23:37:08,812 INFO [main] h.j.v.g.Glavna [Glavna.java:36] Pogreška na postaji - 1 Preniska temperatura -43 je preniska
hr.java.vjezbe.iznimke.NiskaTemperaturaException: Preniska temperatura -43 je preniska
	at hr.java.vjezbe.entitet.SenzorTemperature.generirajVrijednost(SenzorTemperature.java:53)
	at hr.java.vjezbe.glavna.Glavna.main(Glavna.java:30)
2018-04-03 23:37:10,812 INFO [main] h.j.v.g.Glavna [Glavna.java:36] Pogreška na postaji - 1 Preniska temperatura -29 je preniska
hr.java.vjezbe.iznimke.NiskaTemperaturaException: Preniska temperatura -29 je preniska
	at hr.java.vjezbe.entitet.SenzorTemperature.generirajVrijednost(SenzorTemperature.java:53)
	at hr.java.vjezbe.glavna.Glavna.main(Glavna.java:30)
2018-04-03 23:37:10,812 INFO [main] h.j.v.g.Glavna [Glavna.java:36] Pogreška na postaji - 1 Preniska temperatura -24 je preniska
hr.java.vjezbe.iznimke.NiskaTemperaturaException: Preniska temperatura -24 je preniska
	at hr.java.vjezbe.entitet.SenzorTemperature.generirajVrijednost(SenzorTemperature.java:53)
	at hr.java.vjezbe.glavna.Glavna.main(Glavna.java:30)
2018-04-03 23:37:11,812 INFO [main] h.j.v.g.Glavna [Glavna.java:36] Pogreška na postaji - 1 Preniska temperatura -18 je preniska
hr.java.vjezbe.iznimke.NiskaTemperaturaException: Preniska temperatura -18 je preniska
	at hr.java.vjezbe.entitet.SenzorTemperature.generirajVrijednost(SenzorTemperature.java:53)
	at hr.java.vjezbe.glavna.Glavna.main(Glavna.java:30)
2018-04-03 23:37:16,812 INFO [main] h.j.v.g.Glavna [Glavna.java:36] Pogreška na postaji - 1 Preniska temperatura -49 je preniska
hr.java.vjezbe.iznimke.NiskaTemperaturaException: Preniska temperatura -49 je preniska
	at hr.java.vjezbe.entitet.SenzorTemperature.generirajVrijednost(SenzorTemperature.java:53)
	at hr.java.vjezbe.glavna.Glavna.main(Glavna.java:30)
2018-04-03 23:37:16,812 INFO [main] h.j.v.g.Glavna [Glavna.java:36] Pogreška na postaji - 1 Preniska temperatura -29 je preniska
hr.java.vjezbe.iznimke.NiskaTemperaturaException: Preniska temperatura -29 je preniska
	at hr.java.vjezbe.entitet.SenzorTemperature.generirajVrijednost(SenzorTemperature.java:53)
	at hr.java.vjezbe.glavna.Glavna.main(Glavna.java:30)
2018-04-03 23:37:18,812 INFO [main] h.j.v.g.Glavna [Glavna.java:36] Pogreška na postaji - 1 Preniska temperatura -25 je preniska
hr.java.vjezbe.iznimke.NiskaTemperaturaException: Preniska temperatura -25 je preniska
	at hr.java.vjezbe.entitet.SenzorTemperature.generirajVrijednost(SenzorTemperature.java:53)
	at hr.java.vjezbe.glavna.Glavna.main(Glavna.java:30)
2018-04-03 23:37:19,812 INFO [main] h.j.v.g.Glavna [Glavna.java:36] Pogreška na postaji - 1 Preniska temperatura -30 je preniska
hr.java.vjezbe.iznimke.NiskaTemperaturaException: Preniska temperatura -30 je preniska
	at hr.java.vjezbe.entitet.SenzorTemperature.generirajVrijednost(SenzorTemperature.java:53)
	at hr.java.vjezbe.glavna.Glavna.main(Glavna.java:30)
2018-04-03 23:37:19,812 INFO [main] h.j.v.g.Glavna [Glavna.java:36] Pogreška na postaji - 1 Preniska temperatura -36 je preniska
hr.java.vjezbe.iznimke.NiskaTemperaturaException: Preniska temperatura -36 je preniska
	at hr.java.vjezbe.entitet.SenzorTemperature.generirajVrijednost(SenzorTemperature.java:53)
	at hr.java.vjezbe.glavna.Glavna.main(Glavna.java:30)
2018-04-03 23:37:19,812 INFO [main] h.j.v.g.Glavna [Glavna.java:36] Pogreška na postaji - 1 Preniska temperatura -40 je preniska
hr.java.vjezbe.iznimke.NiskaTemperaturaException: Preniska temperatura -40 je preniska
	at hr.java.vjezbe.entitet.SenzorTemperature.generirajVrijednost(SenzorTemperature.java:53)
	at hr.java.vjezbe.glavna.Glavna.main(Glavna.java:30)
2018-04-03 23:37:19,812 INFO [main] h.j.v.g.Glavna [Glavna.java:36] Pogreška na postaji - 1 Preniska temperatura -29 je preniska
hr.java.vjezbe.iznimke.NiskaTemperaturaException: Preniska temperatura -29 je preniska
	at hr.java.vjezbe.entitet.SenzorTemperature.generirajVrijednost(SenzorTemperature.java:53)
	at hr.java.vjezbe.glavna.Glavna.main(Glavna.java:30)
2018-04-03 23:37:20,812 INFO [main] h.j.v.g.Glavna [Glavna.java:36] Pogreška na postaji - 1 Preniska temperatura -43 je preniska
hr.java.vjezbe.iznimke.NiskaTemperaturaException: Preniska temperatura -43 je preniska
	at hr.java.vjezbe.entitet.SenzorTemperature.generirajVrijednost(SenzorTemperature.java:53)
	at hr.java.vjezbe.glavna.Glavna.main(Glavna.java:30)
2018-04-03 23:37:20,812 INFO [main] h.j.v.g.Glavna [Glavna.java:36] Pogreška na postaji - 1 Preniska temperatura -27 je preniska
hr.java.vjezbe.iznimke.NiskaTemperaturaException: Preniska temperatura -27 je preniska
	at hr.java.vjezbe.entitet.SenzorTemperature.generirajVrijednost(SenzorTemperature.java:53)
	at hr.java.vjezbe.glavna.Glavna.main(Glavna.java:30)
2018-04-03 23:37:22,812 INFO [main] h.j.v.g.Glavna [Glavna.java:36] Pogreška na postaji - 1 Preniska temperatura -20 je preniska
hr.java.vjezbe.iznimke.NiskaTemperaturaException: Preniska temperatura -20 je preniska
	at hr.java.vjezbe.entitet.SenzorTemperature.generirajVrijednost(SenzorTemperature.java:53)
	at hr.java.vjezbe.glavna.Glavna.main(Glavna.java:30)
2018-04-03 23:37:24,812 INFO [main] h.j.v.g.Glavna [Glavna.java:36] Pogreška na postaji - 1 Temperatura 42 je previsoka
hr.java.vjezbe.iznimke.VisokaTemperaturaException: Temperatura 42 je previsoka
	at hr.java.vjezbe.entitet.SenzorTemperature.generirajVrijednost(SenzorTemperature.java:50)
	at hr.java.vjezbe.glavna.Glavna.main(Glavna.java:30)
2018-04-03 23:37:25,812 INFO [main] h.j.v.g.Glavna [Glavna.java:36] Pogreška na postaji - 1 Temperatura 42 je previsoka
hr.java.vjezbe.iznimke.VisokaTemperaturaException: Temperatura 42 je previsoka
	at hr.java.vjezbe.entitet.SenzorTemperature.generirajVrijednost(SenzorTemperature.java:50)
	at hr.java.vjezbe.glavna.Glavna.main(Glavna.java:30)
2018-04-03 23:37:26,812 INFO [main] h.j.v.g.Glavna [Glavna.java:36] Pogreška na postaji - 1 Preniska temperatura -31 je preniska
hr.java.vjezbe.iznimke.NiskaTemperaturaException: Preniska temperatura -31 je preniska
	at hr.java.vjezbe.entitet.SenzorTemperature.generirajVrijednost(SenzorTemperature.java:53)
	at hr.java.vjezbe.glavna.Glavna.main(Glavna.java:30)
2018-04-03 23:37:26,812 INFO [main] h.j.v.g.Glavna [Glavna.java:36] Pogreška na postaji - 1 Preniska temperatura -26 je preniska
hr.java.vjezbe.iznimke.NiskaTemperaturaException: Preniska temperatura -26 je preniska
	at hr.java.vjezbe.entitet.SenzorTemperature.generirajVrijednost(SenzorTemperature.java:53)
	at hr.java.vjezbe.glavna.Glavna.main(Glavna.java:30)
2018-04-03 23:37:26,812 INFO [main] h.j.v.g.Glavna [Glavna.java:36] Pogreška na postaji - 1 Temperatura 48 je previsoka
hr.java.vjezbe.iznimke.VisokaTemperaturaException: Temperatura 48 je previsoka
	at hr.java.vjezbe.entitet.SenzorTemperature.generirajVrijednost(SenzorTemperature.java:50)
	at hr.java.vjezbe.glavna.Glavna.main(Glavna.java:30)
2018-04-03 23:37:30,828 INFO [main] h.j.v.g.Glavna [Glavna.java:36] Pogreška na postaji - 1 Preniska temperatura -37 je preniska
hr.java.vjezbe.iznimke.NiskaTemperaturaException: Preniska temperatura -37 je preniska
	at hr.java.vjezbe.entitet.SenzorTemperature.generirajVrijednost(SenzorTemperature.java:53)
	at hr.java.vjezbe.glavna.Glavna.main(Glavna.java:30)
2018-04-03 23:37:33,828 INFO [main] h.j.v.g.Glavna [Glavna.java:36] Pogreška na postaji - 1 Temperatura 43 je previsoka
hr.java.vjezbe.iznimke.VisokaTemperaturaException: Temperatura 43 je previsoka
	at hr.java.vjezbe.entitet.SenzorTemperature.generirajVrijednost(SenzorTemperature.java:50)
	at hr.java.vjezbe.glavna.Glavna.main(Glavna.java:30)
2018-04-03 23:37:33,828 INFO [main] h.j.v.g.Glavna [Glavna.java:36] Pogreška na postaji - 1 Preniska temperatura -18 je preniska
hr.java.vjezbe.iznimke.NiskaTemperaturaException: Preniska temperatura -18 je preniska
	at hr.java.vjezbe.entitet.SenzorTemperature.generirajVrijednost(SenzorTemperature.java:53)
	at hr.java.vjezbe.glavna.Glavna.main(Glavna.java:30)
2018-04-03 23:37:35,829 INFO [main] h.j.v.g.Glavna [Glavna.java:36] Pogreška na postaji - 1 Temperatura 49 je previsoka
hr.java.vjezbe.iznimke.VisokaTemperaturaException: Temperatura 49 je previsoka
	at hr.java.vjezbe.entitet.SenzorTemperature.generirajVrijednost(SenzorTemperature.java:50)
	at hr.java.vjezbe.glavna.Glavna.main(Glavna.java:30)
2018-04-03 23:37:35,829 INFO [main] h.j.v.g.Glavna [Glavna.java:36] Pogreška na postaji - 1 Preniska temperatura -22 je preniska
hr.java.vjezbe.iznimke.NiskaTemperaturaException: Preniska temperatura -22 je preniska
	at hr.java.vjezbe.entitet.SenzorTemperature.generirajVrijednost(SenzorTemperature.java:53)
	at hr.java.vjezbe.glavna.Glavna.main(Glavna.java:30)
